<?xml version="1.0" encoding="UTF-8"?>
<!-- Generated by org.testng.reporters.JUnitReportReporter -->
<testsuite hostname="DESKTOP-CIOH1UD" failures="0" tests="3" name="automation.testsuit.BTVN_DAY12_Dropdownlist" time="34.130" errors="0" timestamp="2025-11-15T17:42:50 CET" skipped="0">
  <testcase classname="automation.testsuit.BTVN_DAY12_Dropdownlist" name="selectDropdownlist" time="17.276"/>
  <testcase classname="automation.testsuit.BTVN_DAY12_Dropdownlist" name="dropboxHandle" time="8.999"/>
  <testcase classname="automation.testsuit.BTVN_DAY12_Dropdownlist" name="clickToCheckbox" time="7.855"/>
</testsuite> <!-- automation.testsuit.BTVN_DAY12_Dropdownlist -->
