<?xml version="1.0" encoding="UTF-8"?>
<testng-results ignored="0" total="1" passed="1" failed="0" skipped="0">
  <reporter-output>
  </reporter-output>
  <suite started-at="2025-10-19T16:22:56 CEST" name="Default suite" finished-at="2025-10-19T16:23:01 CEST" duration-ms="4332">
    <groups>
    </groups>
    <test started-at="2025-10-19T16:22:56 CEST" name="Default test" finished-at="2025-10-19T16:23:01 CEST" duration-ms="4332">
      <class name="automation.testsuit.Practice">
        <test-method signature="tinhTongMang()[pri:0, instance:automation.testsuit.Practice@7cc0cdad]" started-at="2025-10-19T16:22:56 CEST" name="tinhTongMang" finished-at="2025-10-19T16:23:01 CEST" duration-ms="4154" status="PASS">
          <reporter-output>
          </reporter-output>
        </test-method> <!-- tinhTongMang -->
      </class> <!-- automation.testsuit.Practice -->
    </test> <!-- Default test -->
  </suite> <!-- Default suite -->
</testng-results>
