<?xml version="1.0" encoding="UTF-8"?>
<testng-results ignored="0" total="1" passed="1" failed="0" skipped="0">
  <reporter-output>
  </reporter-output>
  <suite started-at="2025-10-21T21:54:47 CEST" name="Default suite" finished-at="2025-10-21T21:55:36 CEST" duration-ms="48890">
    <groups>
    </groups>
    <test started-at="2025-10-21T21:54:47 CEST" name="Default test" finished-at="2025-10-21T21:55:36 CEST" duration-ms="48890">
      <class name="automation.testsuit.Practice">
        <test-method signature="timSoNhoNhatMang()[pri:0, instance:automation.testsuit.Practice@7cc0cdad]" started-at="2025-10-21T21:54:47 CEST" name="timSoNhoNhatMang" finished-at="2025-10-21T21:55:36 CEST" duration-ms="48824" status="PASS">
          <reporter-output>
          </reporter-output>
        </test-method> <!-- timSoNhoNhatMang -->
      </class> <!-- automation.testsuit.Practice -->
    </test> <!-- Default test -->
  </suite> <!-- Default suite -->
</testng-results>
